<?xml version="1.0" encoding="UTF-8"?>
<!-- Generated by org.testng.reporters.JUnitXMLReporter -->
<testsuite ignored="0" hostname="DESKTOP-AFT8QP2" failures="0" tests="2" name="ErrorValidation" time="24.253" errors="0" timestamp="2024-12-27T21:43:57 IST">
  <testcase classname="rahulshettyacademy.tests.ErrorValidationTest" name="loginErrorValidation" time="1.268"/>
  <testcase classname="rahulshettyacademy.tests.ErrorValidationTest" name="productErrorValidation" time="3.975"/>
</testsuite> <!-- ErrorValidation -->
